This is pdfTeX, Version 3.14159265-2.6-1.40.19 (MiKTeX 2.9.6730 64-bit) (preloaded format=pdflatex 2018.7.14)  14 JUL 2018 10:13
entering extended mode
**./main.tex
(main.tex
LaTeX2e <2018-04-01> patch level 5
(conference.cls ("C:\Program Files\MiKTeX 2.9\tex\latex\base\article.cls"
Document Class: article 2014/09/29 v1.4h Standard LaTeX document class
("C:\Program Files\MiKTeX 2.9\tex\latex\base\size12.clo"
File: size12.clo 2014/09/29 v1.4h Standard LaTeX file (size option)
)
\c@part=\count80
\c@section=\count81
\c@subsection=\count82
\c@subsubsection=\count83
\c@paragraph=\count84
\c@subparagraph=\count85
\c@figure=\count86
\c@table=\count87
\abovecaptionskip=\skip41
\belowcaptionskip=\skip42
\bibindent=\dimen102
)
(C:\Users\Payne-Privat\AppData\Roaming\MiKTeX\2.9\tex\latex\lipsum\lipsum.sty
Package: lipsum 2014/07/27 v1.3 150 paragraphs of Lorem Ipsum dummy text
\c@lips@count=\count88
)
("C:\Program Files\MiKTeX 2.9\tex\latex\geometry\geometry.sty"
Package: geometry 2018/04/16 v5.8 Page Geometry

("C:\Program Files\MiKTeX 2.9\tex\latex\graphics\keyval.sty"
Package: keyval 2014/10/28 v1.15 key=value parser (DPC)
\KV@toks@=\toks14
)
("C:\Program Files\MiKTeX 2.9\tex\generic\oberdiek\ifpdf.sty"
Package: ifpdf 2017/03/15 v3.2 Provides the ifpdf switch
)
("C:\Program Files\MiKTeX 2.9\tex\generic\oberdiek\ifvtex.sty"
Package: ifvtex 2016/05/16 v1.6 Detect VTeX and its facilities (HO)
Package ifvtex Info: VTeX not detected.
)
("C:\Program Files\MiKTeX 2.9\tex\generic\ifxetex\ifxetex.sty"
Package: ifxetex 2010/09/12 v0.6 Provides ifxetex conditional
)
\Gm@cnth=\count89
\Gm@cntv=\count90
\c@Gm@tempcnt=\count91
\Gm@bindingoffset=\dimen103
\Gm@wd@mp=\dimen104
\Gm@odd@mp=\dimen105
\Gm@even@mp=\dimen106
\Gm@layoutwidth=\dimen107
\Gm@layoutheight=\dimen108
\Gm@layouthoffset=\dimen109
\Gm@layoutvoffset=\dimen110
\Gm@dimlist=\toks15

("C:\Program Files\MiKTeX 2.9\tex\latex\geometry\geometry.cfg"))
("C:\Program Files\MiKTeX 2.9\tex\latex\base\inputenc.sty"
Package: inputenc 2018/04/06 v1.3b Input encoding file
\inpenc@prehook=\toks16
\inpenc@posthook=\toks17
)
("C:\Program Files\MiKTeX 2.9\tex\latex\float\float.sty"
Package: float 2001/11/08 v1.3d Float enhancements (AL)
\c@float@type=\count92
\float@exts=\toks18
\float@box=\box26
\@float@everytoks=\toks19
\@floatcapt=\box27
)
(C:\Users\Payne-Privat\AppData\Roaming\MiKTeX\2.9\tex\latex\titlesec\titlesec.s
ty
Package: titlesec 2016/03/21 v2.10.2 Sectioning titles
\ttl@box=\box28
\beforetitleunit=\skip43
\aftertitleunit=\skip44
\ttl@plus=\dimen111
\ttl@minus=\dimen112
\ttl@toksa=\toks20
\titlewidth=\dimen113
\titlewidthlast=\dimen114
\titlewidthfirst=\dimen115
)
(C:\Users\Payne-Privat\AppData\Roaming\MiKTeX\2.9\tex\latex\parskip\parskip.sty
Package: parskip 2001/04/09 non-zero parskip adjustments
) ("C:\Program Files\MiKTeX 2.9\tex\latex\graphics\graphicx.sty"
Package: graphicx 2017/06/01 v1.1a Enhanced LaTeX Graphics (DPC,SPQR)

("C:\Program Files\MiKTeX 2.9\tex\latex\graphics\graphics.sty"
Package: graphics 2017/06/25 v1.2c Standard LaTeX Graphics (DPC,SPQR)

("C:\Program Files\MiKTeX 2.9\tex\latex\graphics\trig.sty"
Package: trig 2016/01/03 v1.10 sin cos tan (DPC)
)
("C:\Program Files\MiKTeX 2.9\tex\latex\graphics-cfg\graphics.cfg"
File: graphics.cfg 2016/06/04 v1.11 sample graphics configuration
)
Package graphics Info: Driver file: pdftex.def on input line 99.

("C:\Program Files\MiKTeX 2.9\tex\latex\graphics-def\pdftex.def"
File: pdftex.def 2018/01/08 v1.0l Graphics/color driver for pdftex
))
\Gin@req@height=\dimen116
\Gin@req@width=\dimen117
)
(C:\Users\Payne-Privat\AppData\Roaming\MiKTeX\2.9\tex\latex\fancyhdr\fancyhdr.s
ty
Package: fancyhdr 2017/06/30 v3.9a Extensive control of page headers and footer
s
\f@nch@headwidth=\skip45
\f@nch@O@elh=\skip46
\f@nch@O@erh=\skip47
\f@nch@O@olh=\skip48
\f@nch@O@orh=\skip49
\f@nch@O@elf=\skip50
\f@nch@O@erf=\skip51
\f@nch@O@olf=\skip52
\f@nch@O@orf=\skip53
)
(C:\Users\Payne-Privat\AppData\Roaming\MiKTeX\2.9\tex\latex\abstract\abstract.s
ty
Package: abstract 2009/06/08 v1.2a configurable abstracts
\abstitleskip=\skip54
\absleftindent=\skip55
\absrightindent=\skip56
\absparindent=\skip57
\absparsep=\skip58
))
(C:\Users\Payne-Privat\AppData\Roaming\MiKTeX\2.9\tex\latex\blindtext\blindtext
.sty
Package: blindtext 2012/01/06 V2.0 blindtext-Package
 ("C:\Program Files\MiKTeX 2.9\tex\latex\tools\xspace.sty"
Package: xspace 2014/10/28 v1.13 Space after command names (DPC,MH)
)
\c@blindtext=\count93
\c@Blindtext=\count94
\c@blind@countparstart=\count95
\blind@countxx=\count96
\blindtext@numBlindtext=\count97
\blind@countyy=\count98
\c@blindlist=\count99
\c@blindlistlevel=\count100
\c@blindlist@level=\count101
\blind@listitem=\count102
\c@blind@listcount=\count103
\c@blind@levelcount=\count104
\blind@mathformula=\count105
\blind@Mathformula=\count106
\c@blind@randomcount=\count107
\c@blind@randommax=\count108
\c@blind@pangramcount=\count109
\c@blind@pangrammax=\count110
)
("C:\Program Files\MiKTeX 2.9\tex\generic\babel\babel.sty"
Package: babel 2018/06/05 3.22 The Babel package

("C:\Program Files\MiKTeX 2.9\tex\generic\babel\switch.def"
File: switch.def 2018/06/05 3.22 Babel switching mechanism
)
*************************************
* Local config file bblopts.cfg used
*
(C:\Users\Payne-Privat\AppData\Roaming\MiKTeX\2.9\tex\latex\arabi\bblopts.cfg
File: bblopts.cfg 2005/09/08 v0.1 add Arabic and Farsi to "declared" options of
 babel
)
("C:\Program Files\MiKTeX 2.9\tex\latex\babel-german\german.ldf"
Language: german 2018/03/29 v2.10 German support for babel (pre-1996 orthograph
y)

("C:\Program Files\MiKTeX 2.9\tex\latex\babel-german\germanb.ldf"
Language: germanb 2018/03/29 v2.10 German support for babel (pre-1996 orthograp
hy)

("C:\Program Files\MiKTeX 2.9\tex\generic\babel\babel.def"
File: babel.def 2018/06/05 3.22 Babel common definitions
\babel@savecnt=\count111
\U@D=\dimen118

("C:\Program Files\MiKTeX 2.9\tex\generic\babel\txtbabel.def")
\bbl@dirlevel=\count112
)
Package babel Info: Making " an active character on input line 135.
))
("C:\Program Files\MiKTeX 2.9\tex\latex\babel-english\english.ldf"
Language: english 2017/06/06 v3.3r English support from the babel system
\l@canadian = a dialect from \language\l@american 
\l@australian = a dialect from \language\l@british 
\l@newzealand = a dialect from \language\l@british 
)) (main.aux

LaTeX Warning: Label `visina8' multiply defined.


LaTeX Warning: Label `visina8' multiply defined.

)
\openout1 = `main.aux'.

LaTeX Font Info:    Checking defaults for OML/cmm/m/it on input line 10.
LaTeX Font Info:    ... okay on input line 10.
LaTeX Font Info:    Checking defaults for T1/cmr/m/n on input line 10.
LaTeX Font Info:    ... okay on input line 10.
LaTeX Font Info:    Checking defaults for OT1/cmr/m/n on input line 10.
LaTeX Font Info:    ... okay on input line 10.
LaTeX Font Info:    Checking defaults for OMS/cmsy/m/n on input line 10.
LaTeX Font Info:    ... okay on input line 10.
LaTeX Font Info:    Checking defaults for OMX/cmex/m/n on input line 10.
LaTeX Font Info:    ... okay on input line 10.
LaTeX Font Info:    Checking defaults for U/cmr/m/n on input line 10.
LaTeX Font Info:    ... okay on input line 10.
LaTeX Font Info:    Try loading font information for OT1+lmss on input line 10.

 ("C:\Program Files\MiKTeX 2.9\tex\latex\lm\ot1lmss.fd"
File: ot1lmss.fd 2009/10/30 v1.6 Font defs for Latin Modern
)
*geometry* driver: auto-detecting
*geometry* detected driver: pdftex
*geometry* verbose mode - [ preamble ] result:
* driver: pdftex
* paper: a4paper
* layout: <same size as paper>
* layoutoffset:(h,v)=(0.0pt,0.0pt)
* modes: twoside 
* h-part:(L,W,R)=(71.13188pt, 455.24411pt, 71.13188pt)
* v-part:(T,H,B)=(71.13188pt, 717.00946pt, 56.9055pt)
* \paperwidth=597.50787pt
* \paperheight=845.04684pt
* \textwidth=455.24411pt
* \textheight=717.00946pt
* \oddsidemargin=-1.1381pt
* \evensidemargin=-1.1381pt
* \topmargin=-38.1381pt
* \headheight=42.0pt
* \headsep=0.0pt
* \topskip=12.0pt
* \footskip=30.0pt
* \marginparwidth=48.0pt
* \marginparsep=10.0pt
* \columnsep=24.0pt
* \skip\footins=10.8pt plus 4.0pt minus 2.0pt
* \hoffset=0.0pt
* \voffset=0.0pt
* \mag=1000
* \@twocolumntrue
* \@twosidetrue
* \@mparswitchtrue
* \@reversemarginfalse
* (1in=72.27pt=25.4mm, 1cm=28.453pt)


(C:\Users\Payne-Privat\AppData\Roaming\MiKTeX\2.9\tex\context\base\supp-pdf.mki
i
[Loading MPS to PDF converter (version 2006.09.02).]
\scratchcounter=\count113
\scratchdimen=\dimen119
\scratchbox=\box29
\nofMPsegments=\count114
\nofMParguments=\count115
\everyMPshowfont=\toks21
\MPscratchCnt=\count116
\MPscratchDim=\dimen120
\MPnumerator=\count117
\makeMPintoPDFobject=\count118
\everyMPtoPDFconversion=\toks22
) ("C:\Program Files\MiKTeX 2.9\tex\latex\oberdiek\epstopdf-base.sty"
Package: epstopdf-base 2016/05/15 v2.6 Base part for package epstopdf

("C:\Program Files\MiKTeX 2.9\tex\generic\oberdiek\infwarerr.sty"
Package: infwarerr 2016/05/16 v1.4 Providing info/warning/error messages (HO)
)
("C:\Program Files\MiKTeX 2.9\tex\latex\oberdiek\grfext.sty"
Package: grfext 2016/05/16 v1.2 Manage graphics extensions (HO)

("C:\Program Files\MiKTeX 2.9\tex\generic\oberdiek\kvdefinekeys.sty"
Package: kvdefinekeys 2016/05/16 v1.4 Define keys (HO)

("C:\Program Files\MiKTeX 2.9\tex\generic\oberdiek\ltxcmds.sty"
Package: ltxcmds 2016/05/16 v1.23 LaTeX kernel commands for general use (HO)
)))
("C:\Program Files\MiKTeX 2.9\tex\latex\oberdiek\kvoptions.sty"
Package: kvoptions 2016/05/16 v3.12 Key value format for package options (HO)

("C:\Program Files\MiKTeX 2.9\tex\generic\oberdiek\kvsetkeys.sty"
Package: kvsetkeys 2016/05/16 v1.17 Key value parser (HO)

("C:\Program Files\MiKTeX 2.9\tex\generic\oberdiek\etexcmds.sty"
Package: etexcmds 2016/05/16 v1.6 Avoid name clashes with e-TeX commands (HO)

("C:\Program Files\MiKTeX 2.9\tex\generic\oberdiek\ifluatex.sty"
Package: ifluatex 2016/05/16 v1.4 Provides the ifluatex switch (HO)
Package ifluatex Info: LuaTeX not detected.
)
Package etexcmds Info: Could not find \expanded.
(etexcmds)             That can mean that you are not using pdfTeX 1.50 or
(etexcmds)             that some package has redefined \expanded.
(etexcmds)             In the latter case, load this package earlier.
)))
("C:\Program Files\MiKTeX 2.9\tex\generic\oberdiek\pdftexcmds.sty"
Package: pdftexcmds 2018/01/30 v0.27 Utility functions of pdfTeX for LuaTeX (HO
)
Package pdftexcmds Info: LuaTeX not detected.
Package pdftexcmds Info: \pdf@primitive is available.
Package pdftexcmds Info: \pdf@ifprimitive is available.
Package pdftexcmds Info: \pdfdraftmode found.
)
Package epstopdf-base Info: Redefining graphics rule for `.eps' on input line 4
38.
Package grfext Info: Graphics extension search list:
(grfext)             [.pdf,.png,.jpg,.mps,.jpeg,.jbig2,.jb2,.PDF,.PNG,.JPG,.JPE
G,.JBIG2,.JB2,.eps]
(grfext)             \AppendGraphicsExtensions on input line 456.
)
LaTeX Font Info:    External font `cmex10' loaded for size
(Font)              <14.4> on input line 22.
LaTeX Font Info:    External font `cmex10' loaded for size
(Font)              <7> on input line 22.
<fhbielefeld_logo.png, id=1, 2007.5pt x 1264.725pt>
File: fhbielefeld_logo.png Graphic file (type png)
<use fhbielefeld_logo.png>
Package pdftex.def Info: fhbielefeld_logo.png  used on input line 47.
(pdftex.def)             Requested size: 56.9055pt x 35.83661pt.
 [1{C:/Users/Payne-Privat/AppData/Local/MiKTeX/2.9/pdftex/config/pdftex.map}


 <./fhbielefeld_logo.png>]
<Abbildungen/Business_Analytics_Process.png, id=12, 247.67531pt x 155.07938pt>
File: Abbildungen/Business_Analytics_Process.png Graphic file (type png)
<use Abbildungen/Business_Analytics_Process.png>
Package pdftex.def Info: Abbildungen/Business_Analytics_Process.png  used on in
put line 51.
(pdftex.def)             Requested size: 227.62204pt x 142.52328pt.

Overfull \hbox (11.99998pt too wide) in paragraph at lines 51--52
 [][] 
 []

[2 <./Abbildungen/Business_Analytics_Process.png>]
LaTeX Font Info:    Try loading font information for OMS+lmss on input line 67.

LaTeX Font Info:    No file OMSlmss.fd. on input line 67.


LaTeX Font Warning: Font shape `OMS/lmss/m/n' undefined
(Font)              using `OMS/cmsy/m/n' instead
(Font)              for symbol `textbullet' on input line 67.

<Abbildungen/Analysis.png, id=17, 859.71187pt x 441.90094pt>
File: Abbildungen/Analysis.png Graphic file (type png)
<use Abbildungen/Analysis.png>
Package pdftex.def Info: Abbildungen/Analysis.png  used on input line 83.
(pdftex.def)             Requested size: 455.24408pt x 234.00409pt.

Underfull \hbox (badness 1087) in paragraph at lines 88--89
\OT1/lmss/m/n/12 each pro-vide a dif-fer-ent so-lu-tion of the
 []

[3]
LaTeX Font Info:    Font shape `OT1/lmss/m/it' in size <12> not available
(Font)              Font shape `OT1/lmss/m/sl' tried instead on input line 94.
 [4 <./Abbildungen/Analysis.png>]
Underfull \vbox (badness 1755) has occurred while \output is active []


Underfull \vbox (badness 2799) has occurred while \output is active []

 [5]
<Abbildungen/KDD.png, id=30, 853.1875pt x 536.0025pt>
File: Abbildungen/KDD.png Graphic file (type png)
<use Abbildungen/KDD.png>
Package pdftex.def Info: Abbildungen/KDD.png  used on input line 129.
(pdftex.def)             Requested size: 455.24408pt x 286.01015pt.

[6] [7 <./Abbildungen/KDD.png>] [8]
Underfull \hbox (badness 2799) in paragraph at lines 181--182
[]\OT1/lmss/m/n/12 Dr. Hen-ning Baars 2016: Pre-dic-
 []


Underfull \hbox (badness 6094) in paragraph at lines 181--182
\OT1/lmss/m/n/12 tive An-a-lyt-ics in der IT-basierten
 []


Underfull \hbox (badness 6063) in paragraph at lines 181--182
\OT1/lmss/m/n/12 is-che, ar-chitek-tonis-che und or-gan-
 []


Underfull \hbox (badness 6428) in paragraph at lines 187--188
[]\OT1/lmss/m/n/12 Martin Es-ter, J[]org Sander 2000:
 []


Underfull \hbox (badness 2884) in paragraph at lines 187--188
\OT1/lmss/m/n/12 Knowl-edge Dis-cov-ery in Databases:
 []


Underfull \hbox (badness 10000) in paragraph at lines 189--191
[]\OT1/lmss/m/n/12 http://www.enzyklopaedie-der-
 []


Overfull \hbox (1.77493pt too wide) in paragraph at lines 189--191
\OT1/lmss/m/n/12 wirtschaftsinformatik.de/lexikon/daten-
 []


Underfull \hbox (badness 10000) in paragraph at lines 189--191
\OT1/lmss/m/n/12 wissen/Business-
 []


Underfull \hbox (badness 10000) in paragraph at lines 189--191
\OT1/lmss/m/n/12 Intelligence/Analytische-
 []


Underfull \hbox (badness 10000) in paragraph at lines 189--191
\OT1/lmss/m/n/12 Informationssysteme--Methoden-
 []


Underfull \hbox (badness 10000) in paragraph at lines 189--191
\OT1/lmss/m/n/12 der-/Business-Analytics Called on
 []


Underfull \hbox (badness 10000) in paragraph at lines 193--194
[]\OT1/lmss/m/n/12 https://www.gartner.com/it-
 []


Underfull \hbox (badness 10000) in paragraph at lines 193--194
\OT1/lmss/m/n/12 glossary/business-intelligence-bi/
 []


Underfull \hbox (badness 2302) in paragraph at lines 193--194
\OT1/lmss/m/n/12 Called on 16.06.2018 at 3:28 PM
 []


Underfull \hbox (badness 10000) in paragraph at lines 196--197
[]\OT1/lmss/m/n/12 https://abas-
 []


Underfull \hbox (badness 10000) in paragraph at lines 196--197
\OT1/lmss/m/n/12 erp.com/de/news/business-analytics-
 []


Underfull \hbox (badness 10000) in paragraph at lines 196--197
\OT1/lmss/m/n/12 vs-business-intelligence-wo-liegen-die-
 []


Underfull \hbox (badness 10000) in paragraph at lines 199--201
[]\OT1/lmss/m/n/12 https://barc.de/news/business-
 []


Underfull \hbox (badness 10000) in paragraph at lines 199--201
\OT1/lmss/m/n/12 intelligence-fur-alle-bleibt-
 []


Overfull \hbox (5.9063pt too wide) in paragraph at lines 203--205
[]\OT1/lmss/m/n/12 https://www.computerwoche.de/a/was-
 []


Underfull \hbox (badness 10000) in paragraph at lines 203--205
\OT1/lmss/m/n/12 ist-was-bei-predictive-analytics Called
 []


Underfull \hbox (badness 10000) in paragraph at lines 207--209
[]\OT1/lmss/m/n/12 https://www.horvath-
 []


Underfull \hbox (badness 10000) in paragraph at lines 207--209
\OT1/lmss/m/n/12 partners.com/fileadmin/user-
 []


Underfull \hbox (badness 10000) in paragraph at lines 207--209
\OT1/lmss/m/n/12 upload/E-Business-Intelligence-
 []


Underfull \hbox (badness 10000) in paragraph at lines 207--209
\OT1/lmss/m/n/12 Magazine-Mehanna-Digital-
 []


Underfull \hbox (badness 10000) in paragraph at lines 211--213
[]\OT1/lmss/m/n/12 http://www.enzyklopaedie-der-
 []


Overfull \hbox (1.77493pt too wide) in paragraph at lines 211--213
\OT1/lmss/m/n/12 wirtschaftsinformatik.de/lexikon/daten-
 []


Underfull \hbox (badness 10000) in paragraph at lines 211--213
\OT1/lmss/m/n/12 wissen/Business-
 []


Overfull \hbox (28.02858pt too wide) in paragraph at lines 211--213
\OT1/lmss/m/n/12 Intelligence/Members/felden/BAProzess.png
 []


Overfull \hbox (33.6283pt too wide) in paragraph at lines 215--217
[]\OT1/lmss/m/n/12 https://www.researchgate.net/profile/Sohaib-
 []


Overfull \hbox (256.6909pt too wide) in paragraph at lines 215--217
\OT1/lmss/m/n/12 Latif/publication/259757435/figure/fig2/AS:297124118974477@144
7851318372/Overview-
 []


Underfull \hbox (badness 10000) in paragraph at lines 215--217
\OT1/lmss/m/n/12 of-the-steps-consulting-the-KDD-
 []


Underfull \hbox (badness 10000) in paragraph at lines 219--221
[]\OT1/lmss/m/n/12 https://www.industry-
 []


Underfull \hbox (badness 10000) in paragraph at lines 219--221
\OT1/lmss/m/n/12 press.com/business-analytics-tools/
 []


Underfull \hbox (badness 10000) in paragraph at lines 223--225
[]\OT1/lmss/m/n/12 https://www.linkfish.eu/wie-eine-bi-
 []


Underfull \hbox (badness 10000) in paragraph at lines 223--225
\OT1/lmss/m/n/12 strategie-formuliert-und-implementiert-
 []


Underfull \hbox (badness 10000) in paragraph at lines 227--228
[]\OT1/lmss/m/n/12 Alpar, Paul und Nieder-re-ich-holz,
 []


Underfull \hbox (badness 4518) in paragraph at lines 227--228
\OT1/lmss/m/n/12 Joachim (2000), Data Min-ing im
 []

[9] (main.aux)

LaTeX Font Warning: Some font shapes were not available, defaults substituted.


LaTeX Warning: There were multiply-defined labels.

 ) 
Here is how much of TeX's memory you used:
 3513 strings out of 492973
 50334 string characters out of 3135911
 235855 words of memory out of 3000000
 7311 multiletter control sequences out of 15000+200000
 32388 words of font info for 29 fonts, out of 3000000 for 9000
 1141 hyphenation exceptions out of 8191
 41i,14n,45p,2111b,387s stack positions out of 5000i,500n,10000p,200000b,50000s
{C:/Program Files/MiKTeX 2.9/fonts/enc/dvips/lm/lm-rm.enc}<C:/Program Files/M
iKTeX 2.9/fonts/type1/public/amsfonts/cm/cmsy10.pfb><C:/Program Files/MiKTeX 2.
9/fonts/type1/public/lm/lmss10.pfb><C:/Program Files/MiKTeX 2.9/fonts/type1/pub
lic/lm/lmss12.pfb><C:/Program Files/MiKTeX 2.9/fonts/type1/public/lm/lmss17.pfb
><C:/Program Files/MiKTeX 2.9/fonts/type1/public/lm/lmssbx10.pfb><C:/Program Fi
les/MiKTeX 2.9/fonts/type1/public/lm/lmsso12.pfb>
Output written on main.pdf (9 pages, 311247 bytes).
PDF statistics:
 65 PDF objects out of 1000 (max. 8388607)
 0 named destinations out of 1000 (max. 500000)
 21 words of extra memory for PDF output out of 10000 (max. 10000000)

