\BOOKMARK [1][-]{section.1}{Business Analytics}{}% 1
\BOOKMARK [2][-]{subsection.1.1}{Business Analytics - Einleitung}{section.1}% 2
\BOOKMARK [2][-]{subsection.1.2}{Was sind Business Analytics?}{section.1}% 3
\BOOKMARK [2][-]{subsection.1.3}{Business Analytics - Genereller Ablauf}{section.1}% 4
\BOOKMARK [2][-]{subsection.1.4}{Wieso nutzt man Business Analytics?}{section.1}% 5
\BOOKMARK [2][-]{subsection.1.5}{Wieso werden Business Analytics so viel Aufmerksamkeit gewidmet?}{section.1}% 6
\BOOKMARK [2][-]{subsection.1.6}{Anwendungsfelder von Business Analytics}{section.1}% 7
\BOOKMARK [3][-]{subsubsection.1.6.1}{Analyse}{subsection.1.6}% 8
\BOOKMARK [3][-]{subsubsection.1.6.2}{Forecast}{subsection.1.6}% 9
\BOOKMARK [3][-]{subsubsection.1.6.3}{Optimierung}{subsection.1.6}% 10
\BOOKMARK [3][-]{subsubsection.1.6.4}{Simulation}{subsection.1.6}% 11
\BOOKMARK [3][-]{subsubsection.1.6.5}{Radar}{subsection.1.6}% 12
\BOOKMARK [2][-]{subsection.1.7}{Was ist bei Business Analytics zu beachten?}{section.1}% 13
\BOOKMARK [2][-]{subsection.1.8}{Welche Analyse Tools bez\374glich Business Analytic gibt es?}{section.1}% 14
\BOOKMARK [1][-]{section.2}{Data Mining}{}% 15
\BOOKMARK [2][-]{subsection.2.1}{Data Mining - Einleitung}{section.2}% 16
\BOOKMARK [2][-]{subsection.2.2}{Data Mining - KDD Prozess}{section.2}% 17
\BOOKMARK [2][-]{subsection.2.3}{Data Mining - Anwendungsverfahren}{section.2}% 18
\BOOKMARK [3][-]{subsubsection.2.3.1}{Anomalie-Analyse}{subsection.2.3}% 19
\BOOKMARK [3][-]{subsubsection.2.3.2}{Clusteranalysen}{subsection.2.3}% 20
\BOOKMARK [3][-]{subsubsection.2.3.3}{Klassifikation von Daten}{subsection.2.3}% 21
\BOOKMARK [3][-]{subsubsection.2.3.4}{Assoziationsanalysen}{subsection.2.3}% 22
\BOOKMARK [3][-]{subsubsection.2.3.5}{Regressionsanalysen}{subsection.2.3}% 23
\BOOKMARK [2][-]{subsection.2.4}{Data Mining - Schlussfolgerung}{section.2}% 24
\BOOKMARK [1][-]{section.3}{Predictive Analytics}{}% 25
\BOOKMARK [2][-]{subsection.3.1}{Predictive Analytics - Einleitung}{section.3}% 26
\BOOKMARK [1][-]{section.4}{Business Analytics - Stand der Wissenschaft}{}% 27
\BOOKMARK [1][-]{section.5}{Business Analytics - Stand der Technik}{}% 28
\BOOKMARK [1][-]{section.6}{Data Mining vs Predictive Analytics}{}% 29
\BOOKMARK [1][-]{section.7}{Zitierbeispiel}{}% 30
